
ROM used:   470/8192 (6%)
            470/8192 (6%) including unused fragments

            0.6 Average locations per line
            7.7 Average locations per statement

RAM used:   10/368 (3%) at main() level
            20/368 (5%) worst case

Stack used: 3 worst case (3 in main + 0 for interrupts)
Stack size: 8

Lines Stmts  %   Files
----- ----- ---  -----
  114    61 100  main.c
    4     0   0  main.h
  708     0   0  C:\Program Files (x86)\PICC\Devices\16F877A.h
----- -----
  826    61 Total

Page ROM  %  RAM    Vol Diff  Functions:
---- --- --- ---    --- ----  ----------
0     20   4    1             @delay_ms1
0     14   3    0             @const704
0     56  12    4    152  4.0  giaima_capdo_2so_xvn
0     62  13    6             @DIVS1616
0     41   9    0    149  1.3  hienthi_capdo
0      9   2    1     88  2.9  delay_hienthi
0     64  14    2    236  4.4  phim_up
0     46  10    6             @MULS1616
0     65  14    2    236  4.4  phim_down
0     16   3    0     84  2.4  phim_stop
0     73  16    0    370  2.8  MAIN
 Inline         0             @cinit1

Program metrics:
    Functions               7
    Statements              61
    Comments                122
    Volume (V)              2072
    Difficulty (D)          21.8
    Effort to implement (E) 45176
    Time to implement (T)   42 minutes
    Est Delivered Bugs (B)  0
    Cyclomatic Complexity   11
    Maintainability (MI)    115

 Segment     Used  Free
-----------  ----  ----
00000-00003     4  0  
00004-007FF   466  1578  
00800-00FFF     0  2048  
01000-017FF     0  2048  
01800-01FFF     0  2048  



