
ROM used:   50/8192 (1%)
            50/8192 (1%) including unused fragments

            0.1 Average locations per line
            2.8 Average locations per statement

RAM used:   8/368 (2%) at main() level
            8/368 (2%) worst case

Stack used: 0 worst case (0 in main + 0 for interrupts)
Stack size: 8

Lines Stmts  %   Files
----- ----- ---  -----
   39    18 100  main.c
    5     0   0  main.h
  708     0   0  C:\Program Files (x86)\PICC\Devices\16F877A.h
----- -----
  752    18 Total

Page ROM  %  RAM    Vol Diff  Functions:
---- --- --- ---    --- ----  ----------
0     46  92    1    364  4.7  main
 Inline         0             @cinit1

Program metrics:
    Functions               1
    Statements              18
    Comments                127
    Volume (V)              367
    Difficulty (D)          4.5
    Effort to implement (E) 1662
    Time to implement (T)   2 minutes
    Est Delivered Bugs (B)  0
    Cyclomatic Complexity   2
    Maintainability (MI)    44

 Segment     Used  Free
-----------  ----  ----
00000-00003     4  0  
00004-007FF    46  1998  
00800-00FFF     0  2048  
01000-017FF     0  2048  
01800-01FFF     0  2048  



