
ROM used:   98/8192 (1%)
            98/8192 (1%) including unused fragments

            0.1 Average locations per line
            8.9 Average locations per statement

RAM used:   6/368 (2%) at main() level
            8/368 (2%) worst case

Stack used: 0 worst case (0 in main + 0 for interrupts)
Stack size: 8

Lines Stmts  %   Files
----- ----- ---  -----
   30    11 100  main.c
    5     0   0  main.h
  708     0   0  C:\Program Files (x86)\PICC\Devices\16F877A.h
----- -----
  743    11 Total

Page ROM  %  RAM    Vol Diff  Functions:
---- --- --- ---    --- ----  ----------
 Inline         1             @delay_ms2
0     14  14    0             @const705
0      8   8    0             @const708
0     45  46    2    100  1.7  hienthi_1_led
0     27  28    1    145  3.5  MAIN
 Inline         0             @cinit1

Program metrics:
    Functions               2
    Statements              11
    Comments                130
    Volume (V)              308
    Difficulty (D)          4.5
    Effort to implement (E) 1398
    Time to implement (T)   1 minutes
    Est Delivered Bugs (B)  0
    Cyclomatic Complexity   1
    Maintainability (MI)    113

 Segment     Used  Free
-----------  ----  ----
00000-00003     4  0  
00004-007FF    94  1950  
00800-00FFF     0  2048  
01000-017FF     0  2048  
01800-01FFF     0  2048  



