
ROM used:   95/8192 (1%)
            95/8192 (1%) including unused fragments

            0.1 Average locations per line
            3.5 Average locations per statement

RAM used:   19/368 (5%) at main() level
            19/368 (5%) worst case

Stack used: 2 worst case (1 in main + 1 for interrupts)
Stack size: 8

Lines Stmts  %   Files
----- ----- ---  -----
   78    27 100  main.c
    5     0   0  main.h
  708     0   0  C:\Program Files (x86)\PICC\Devices\16F877A.h
----- -----
  791    27 Total

Page ROM  %  RAM    Vol Diff  Functions:
---- --- --- ---    --- ----  ----------
0     10  11    0     37  2.0  rb_isr
0     38  40    0    221  2.3  MAIN
 Inline         0    202  2.3  @cinit1

Program metrics:
    Functions               3
    Statements              27
    Comments                149
    Volume (V)              600
    Difficulty (D)          6.7
    Effort to implement (E) 4041
    Time to implement (T)   4 minutes
    Est Delivered Bugs (B)  0
    Cyclomatic Complexity   1
    Maintainability (MI)    58

 Segment     Used  Free
-----------  ----  ----
00000-00003     4  0  
00004-0002E    43  0  
0002F-007FF    48  1953  
00800-00FFF     0  2048  
01000-017FF     0  2048  
01800-01FFF     0  2048  



