
ROM used:   633/8192 (8%)
            633/8192 (8%) including unused fragments

            0.8 Average locations per line
            12.9 Average locations per statement

RAM used:   13/368 (4%) at main() level
            26/368 (7%) worst case

Stack used: 1 worst case (1 in main + 0 for interrupts)
Stack size: 8

Lines Stmts  %   Files
----- ----- ---  -----
   88    49 100  main.c
    6     0   0  main.h
  708     0   0  C:\Program Files (x86)\PICC\Devices\16F877A.h
----- -----
  802    49 Total

Page ROM  %  RAM    Vol Diff  Functions:
---- --- --- ---    --- ----  ----------
0     21   3    1             @delay_ms1
0     14   2    0             @const707
0     96  15    4    284  4.2  giaima_3so_xvn
0     62  10    6             @DIVS1616
0     51   8    0    243  1.4  hienthi_3so_quet
0     26   4    0     94  2.8  sosanh_dk_den
0    137  22    0    546  5.1  MAIN
0     39   6    5             @DIV1616
0     31   5    2             @ITOF
0    119  19   13             @MULFF
0     33   5    4             @SFTOI
 Inline         0             @cinit1

Program metrics:
    Functions               4
    Statements              49
    Comments                143
    Volume (V)              1596
    Difficulty (D)          12.8
    Effort to implement (E) 20433
    Time to implement (T)   19 minutes
    Est Delivered Bugs (B)  0
    Cyclomatic Complexity   5
    Maintainability (MI)    107

 Segment     Used  Free
-----------  ----  ----
00000-00003     4  0  
00004-007FF   629  1415  
00800-00FFF     0  2048  
01000-017FF     0  2048  
01800-01FFF     0  2048  



