
ROM used:   91/8192 (1%)
            91/8192 (1%) including unused fragments

            0.1 Average locations per line
            8.3 Average locations per statement

RAM used:   13/368 (4%) at main() level
            13/368 (4%) worst case

Stack used: 1 worst case (0 in main + 1 for interrupts)
Stack size: 8

Lines Stmts  %   Files
----- ----- ---  -----
   27    11 100  main.c
    6     0   0  main.h
  708     0   0  C:\Program Files (x86)\PICC\Devices\16F877A.h
----- -----
  741    11 Total

Page ROM  %  RAM    Vol Diff  Functions:
---- --- --- ---    --- ----  ----------
0     10  11    0     37  2.0  interupt_timer1
0     32  35    0    165  2.7  MAIN
 Inline         0             @cinit1

Program metrics:
    Functions               2
    Statements              11
    Comments                123
    Volume (V)              241
    Difficulty (D)          4.6
    Effort to implement (E) 1105
    Time to implement (T)   1 minutes
    Est Delivered Bugs (B)  0
    Cyclomatic Complexity   1
    Maintainability (MI)    98

 Segment     Used  Free
-----------  ----  ----
00000-00003     4  0  
00004-00030    45  0  
00031-007FF    42  1957  
00800-00FFF     0  2048  
01000-017FF     0  2048  
01800-01FFF     0  2048  



