
ROM used:   487/8192 (6%)
            487/8192 (6%) including unused fragments

            0.4 Average locations per line
            4.4 Average locations per statement

RAM used:   7/368 (2%) at main() level
            21/368 (6%) worst case

Stack used: 5 worst case (5 in main + 0 for interrupts)
Stack size: 8

Lines Stmts  %   Files
----- ----- ---  -----
   46    11  10  hien_thi_chuoi_lcd.c
    5     0   0  hien_thi_chuoi_lcd.h
  708     0   0  C:\Program Files (x86)\PICC\Devices\16F877A.h
  456   100  90  C:\Program Files (x86)\PICC\Drivers\lcd.c
----- -----
 1215   111 Total

Page ROM  %  RAM    Vol Diff  Functions:
---- --- --- ---    --- ----  ----------
0     21   4    1             @delay_ms1
 Inline         3    760  4.5  lcd_read_byte
0     49  10    2    262  3.7  lcd_read_nibble
0     44   9    1    399  2.4  lcd_send_nibble
0     92  19    3    415  3.7  lcd_send_byte
0     70  14    6    852  6.2  lcd_init
0     18   4    4    208  6.3  lcd_gotoxy
0     44   9    1    354  4.7  lcd_putc
0     41   8    0    167  2.1  MAIN
0      9   2    0             @const739
0     86  18    4             @PSTRINGC7_724
0      9   2    0             @const744
 Inline         0             @cinit1

Program metrics:
    Functions               8
    Statements              111
    Comments                236
    Volume (V)              5173
    Difficulty (D)          32.6
    Effort to implement (E) 168409
    Time to implement (T)   2 hours, 36 minutes
    Est Delivered Bugs (B)  1
    Cyclomatic Complexity   8
    Maintainability (MI)    137

 Segment     Used  Free
-----------  ----  ----
00000-00003     4  0  
00004-007FF   483  1561  
00800-00FFF     0  2048  
01000-017FF     0  2048  
01800-01FFF     0  2048  



