
ROM used:   40/8192 (0%)
            40/8192 (0%) including unused fragments

            0.1 Average locations per line
            4.0 Average locations per statement

RAM used:   5/368 (1%) at main() level
            5/368 (1%) worst case

Stack used: 0 worst case (0 in main + 0 for interrupts)
Stack size: 8

Lines Stmts  %   Files
----- ----- ---  -----
   22    10 100  main.c
    5     0   0  main.h
  708     0   0  C:\Program Files (x86)\PICC\Devices\16F877A.h
----- -----
  735    10 Total

Page ROM  %  RAM    Vol Diff  Functions:
---- --- --- ---    --- ----  ----------
0     36  90    0    144  1.7  main
 Inline         0             @cinit1

Program metrics:
    Functions               1
    Statements              10
    Comments                122
    Volume (V)              147
    Difficulty (D)          1.6
    Effort to implement (E) 239
    Time to implement (T)   0 minutes
    Est Delivered Bugs (B)  0
    Cyclomatic Complexity   1
    Maintainability (MI)    58

 Segment     Used  Free
-----------  ----  ----
00000-00003     4  0  
00004-007FF    36  2008  
00800-00FFF     0  2048  
01000-017FF     0  2048  
01800-01FFF     0  2048  



