Compiling D:\Embedded\Projects\PIC16F877A\Read LM35 and show 3 7-seq\main on 19-Mar-25 at 09:37
*** Error 1 "C:\Program Files (x86)\PICC\Devices\16F877A.h" Line 540(1,2): Illegal C character in input file  0x80
*** Error 1 "C:\Program Files (x86)\PICC\Devices\16F877A.h" Line 540(1,2): Illegal C character in input file  0x00
*** Error 1 "C:\Program Files (x86)\PICC\Devices\16F877A.h" Line 540(3,4): Illegal C character in input file  0x00
*** Error 1 "C:\Program Files (x86)\PICC\Devices\16F877A.h" Line 540(3,4): Illegal C character in input file  0x00
*** Error 1 "C:\Program Files (x86)\PICC\Devices\16F877A.h" Line 540(3,4): Illegal C character in input file  0xFF
*** Error 1 "C:\Program Files (x86)\PICC\Devices\16F877A.h" Line 540(3,4): Illegal C character in input file  0xFF
*** Error 1 "C:\Program Files (x86)\PICC\Devices\16F877A.h" Line 540(3,4): Illegal C character in input file  0xFF
*** Error 1 "C:\Program Files (x86)\PICC\Devices\16F877A.h" Line 540(3,4): Illegal C character in input file  0x00
*** Error 1 "C:\Program Files (x86)\PICC\Devices\16F877A.h" Line 540(3,4): Illegal C character in input file  0x07
*** Error 1 "C:\Program Files (x86)\PICC\Devices\16F877A.h" Line 540(3,4): Illegal C character in input file  0x00
*** Error 1 "C:\Program Files (x86)\PICC\Devices\16F877A.h" Line 540(3,4): Illegal C character in input file  0x00
*** Error 1 "C:\Program Files (x86)\PICC\Devices\16F877A.h" Line 540(3,4): Illegal C character in input file  0x00
*** Error 1 "C:\Program Files (x86)\PICC\Devices\16F877A.h" Line 540(3,4): Illegal C character in input file  0x00
*** Error 1 "C:\Program Files (x86)\PICC\Devices\16F877A.h" Line 540(3,4): Illegal C character in input file  0x00
*** Error 1 "C:\Program Files (x86)\PICC\Devices\16F877A.h" Line 540(3,4): Illegal C character in input file  0x00
*** Error 1 "C:\Program Files (x86)\PICC\Devices\16F877A.h" Line 540(3,4): Illegal C character in input file  0x00
*** Error 1 "C:\Program Files (x86)\PICC\Devices\16F877A.h" Line 540(3,4): Illegal C character in input file  0x06
*** Error 32 "C:\Program Files (x86)\PICC\Devices\16F877A.h" Line 540(1,2): Expecting a , or )
*** Error 1 "C:\Program Files (x86)\PICC\Devices\16F877A.h" Line 540(8,9): Illegal C character in input file  0x01
*** Error 1 "C:\Program Files (x86)\PICC\Devices\16F877A.h" Line 540(8,9): Illegal C character in input file  0x9A
*** Error 1 "C:\Program Files (x86)\PICC\Devices\16F877A.h" Line 540(8,9): Illegal C character in input file  0xAC
*** Error 1 "C:\Program Files (x86)\PICC\Devices\16F877A.h" Line 540(12,13): Illegal C character in input file  0xD5
*** Error 1 "C:\Program Files (x86)\PICC\Devices\16F877A.h" Line 540(12,13): Illegal C character in input file  0xEC
*** Error 48 "C:\Program Files (x86)\PICC\Devices\16F877A.h" Line 540(8,9): Expecting a (
*** Error 1 "C:\Program Files (x86)\PICC\Devices\16F877A.h" Line 540(15,16): Illegal C character in input file  0xE6
*** Error 1 "C:\Program Files (x86)\PICC\Devices\16F877A.h" Line 540(15,16): Illegal C character in input file  0x40
*** Error 1 "C:\Program Files (x86)\PICC\Devices\16F877A.h" Line 540(15,16): Illegal C character in input file  0x00
*** Error 1 "C:\Program Files (x86)\PICC\Devices\16F877A.h" Line 540(15,16): Illegal C character in input file  0x00
*** Error 1 "C:\Program Files (x86)\PICC\Devices\16F877A.h" Line 540(15,16): Illegal C character in input file  0x00
*** Error 1 "C:\Program Files (x86)\PICC\Devices\16F877A.h" Line 540(15,16): Illegal C character in input file  0x00
*** Error 1 "C:\Program Files (x86)\PICC\Devices\16F877A.h" Line 540(15,16): Illegal C character in input file  0x00
*** Error 1 "C:\Program Files (x86)\PICC\Devices\16F877A.h" Line 540(15,16): Illegal C character in input file  0x00
*** Error 1 "C:\Program Files (x86)\PICC\Devices\16F877A.h" Line 540(15,16): Illegal C character in input file  0x00
*** Error 1 "C:\Program Files (x86)\PICC\Devices\16F877A.h" Line 540(15,16): Illegal C character in input file  0x00
*** Error 1 "C:\Program Files (x86)\PICC\Devices\16F877A.h" Line 540(15,16): Illegal C character in input file  0x00
*** Error 1 "C:\Program Files (x86)\PICC\Devices\16F877A.h" Line 540(15,16): Illegal C character in input file  0x00
*** Error 1 "C:\Program Files (x86)\PICC\Devices\16F877A.h" Line 540(15,16): Illegal C character in input file  0x00
*** Error 1 "C:\Program Files (x86)\PICC\Devices\16F877A.h" Line 540(15,16): Illegal C character in input file  0x00
*** Error 1 "C:\Program Files (x86)\PICC\Devices\16F877A.h" Line 540(15,16): Illegal C character in input file  0x00
*** Error 1 "C:\Program Files (x86)\PICC\Devices\16F877A.h" Line 540(15,16): Illegal C character in input file  0x00
*** Error 1 "C:\Program Files (x86)\PICC\Devices\16F877A.h" Line 540(15,16): Illegal C character in input file  0x00
*** Error 1 "C:\Program Files (x86)\PICC\Devices\16F877A.h" Line 540(15,16): Illegal C character in input file  0x00
*** Error 1 "C:\Program Files (x86)\PICC\Devices\16F877A.h" Line 540(15,16): Illegal C character in input file  0x00
*** Error 1 "C:\Program Files (x86)\PICC\Devices\16F877A.h" Line 540(15,16): Illegal C character in input file  0x00
*** Error 1 "C:\Program Files (x86)\PICC\Devices\16F877A.h" Line 540(15,16): Illegal C character in input file  0x00
*** Error 1 "C:\Program Files (x86)\PICC\Devices\16F877A.h" Line 540(15,16): Illegal C character in input file  0x00
*** Error 1 "C:\Program Files (x86)\PICC\Devices\16F877A.h" Line 540(15,16): Illegal C character in input file  0x00
*** Error 1 "C:\Program Files (x86)\PICC\Devices\16F877A.h" Line 540(15,16): Illegal C character in input file  0x00
*** Error 1 "C:\Program Files (x86)\PICC\Devices\16F877A.h" Line 540(15,16): Illegal C character in input file  0x00
*** Error 1 "C:\Program Files (x86)\PICC\Devices\16F877A.h" Line 540(15,16): Illegal C character in input file  0x00
*** Error 1 "C:\Program Files (x86)\PICC\Devices\16F877A.h" Line 540(15,16): Illegal C character in input file  0x00
*** Error 1 "C:\Program Files (x86)\PICC\Devices\16F877A.h" Line 540(15,16): Illegal C character in input file  0x00
*** Error 1 "C:\Program Files (x86)\PICC\Devices\16F877A.h" Line 540(15,16): Illegal C character in input file  0x00
*** Error 1 "C:\Program Files (x86)\PICC\Devices\16F877A.h" Line 540(15,16): Illegal C character in input file  0x00
*** Error 1 "C:\Program Files (x86)\PICC\Devices\16F877A.h" Line 540(15,16): Illegal C character in input file  0x00
*** Error 1 "C:\Program Files (x86)\PICC\Devices\16F877A.h" Line 540(15,16): Illegal C character in input file  0x00
*** Error 1 "C:\Program Files (x86)\PICC\Devices\16F877A.h" Line 540(15,16): Illegal C character in input file  0x00
*** Error 1 "C:\Program Files (x86)\PICC\Devices\16F877A.h" Line 540(15,16): Illegal C character in input file  0x00
*** Error 1 "C:\Program Files (x86)\PICC\Devices\16F877A.h" Line 540(15,16): Illegal C character in input file  0x00
*** Error 1 "C:\Program Files (x86)\PICC\Devices\16F877A.h" Line 540(15,16): Illegal C character in input file  0x00
*** Error 1 "C:\Program Files (x86)\PICC\Devices\16F877A.h" Line 540(15,16): Illegal C character in input file  0x00
*** Error 1 "C:\Program Files (x86)\PICC\Devices\16F877A.h" Line 540(15,16): Illegal C character in input file  0x00
*** Error 1 "C:\Program Files (x86)\PICC\Devices\16F877A.h" Line 540(15,16): Illegal C character in input file  0x00
*** Error 1 "C:\Program Files (x86)\PICC\Devices\16F877A.h" Line 540(15,16): Illegal C character in input file  0x00
*** Error 1 "C:\Program Files (x86)\PICC\Devices\16F877A.h" Line 540(15,16): Illegal C character in input file  0x00
*** Error 1 "C:\Program Files (x86)\PICC\Devices\16F877A.h" Line 540(15,16): Illegal C character in input file  0x00
*** Error 1 "C:\Program Files (x86)\PICC\Devices\16F877A.h" Line 540(15,16): Illegal C character in input file  0x00
*** Error 1 "C:\Program Files (x86)\PICC\Devices\16F877A.h" Line 540(15,16): Illegal C character in input file  0x00
*** Error 1 "C:\Program Files (x86)\PICC\Devices\16F877A.h" Line 540(15,16): Illegal C character in input file  0x00
*** Error 1 "C:\Program Files (x86)\PICC\Devices\16F877A.h" Line 540(15,16): Illegal C character in input file  0x00
*** Error 1 "C:\Program Files (x86)\PICC\Devices\16F877A.h" Line 540(15,16): Illegal C character in input file  0x00
*** Error 1 "C:\Program Files (x86)\PICC\Devices\16F877A.h" Line 540(15,16): Illegal C character in input file  0x00
*** Error 1 "C:\Program Files (x86)\PICC\Devices\16F877A.h" Line 540(15,16): Illegal C character in input file  0x00
*** Error 1 "C:\Program Files (x86)\PICC\Devices\16F877A.h" Line 540(15,16): Illegal C character in input file  0x00
*** Error 1 "C:\Program Files (x86)\PICC\Devices\16F877A.h" Line 540(15,16): Illegal C character in input file  0x00
*** Error 1 "C:\Program Files (x86)\PICC\Devices\16F877A.h" Line 540(15,16): Illegal C character in input file  0x00
*** Error 1 "C:\Program Files (x86)\PICC\Devices\16F877A.h" Line 540(15,16): Illegal C character in input file  0x00
*** Error 1 "C:\Program Files (x86)\PICC\Devices\16F877A.h" Line 540(15,16): Illegal C character in input file  0x00
*** Error 1 "C:\Program Files (x86)\PICC\Devices\16F877A.h" Line 540(15,16): Illegal C character in input file  0x00
*** Error 1 "C:\Program Files (x86)\PICC\Devices\16F877A.h" Line 540(15,16): Illegal C character in input file  0x00
*** Error 1 "C:\Program Files (x86)\PICC\Devices\16F877A.h" Line 540(15,16): Illegal C character in input file  0x00
*** Error 1 "C:\Program Files (x86)\PICC\Devices\16F877A.h" Line 540(15,16): Illegal C character in input file  0x00
*** Error 1 "C:\Program Files (x86)\PICC\Devices\16F877A.h" Line 540(15,16): Illegal C character in input file  0x00
*** Error 1 "C:\Program Files (x86)\PICC\Devices\16F877A.h" Line 540(15,16): Illegal C character in input file  0x00
*** Error 1 "C:\Program Files (x86)\PICC\Devices\16F877A.h" Line 540(15,16): Illegal C character in input file  0x00
*** Error 1 "C:\Program Files (x86)\PICC\Devices\16F877A.h" Line 540(15,16): Illegal C character in input file  0x00
*** Error 1 "C:\Program Files (x86)\PICC\Devices\16F877A.h" Line 540(15,16): Illegal C character in input file  0x00
*** Error 1 "C:\Program Files (x86)\PICC\Devices\16F877A.h" Line 540(15,16): Illegal C character in input file  0x00
*** Error 1 "C:\Program Files (x86)\PICC\Devices\16F877A.h" Line 540(15,16): Illegal C character in input file  0x00
*** Error 1 "C:\Program Files (x86)\PICC\Devices\16F877A.h" Line 540(15,16): Illegal C character in input file  0x00
*** Error 1 "C:\Program Files (x86)\PICC\Devices\16F877A.h" Line 540(15,16): Illegal C character in input file  0x00
*** Error 1 "C:\Program Files (x86)\PICC\Devices\16F877A.h" Line 540(15,16): Illegal C character in input file  0x00
*** Error 1 "C:\Program Files (x86)\PICC\Devices\16F877A.h" Line 540(15,16): Illegal C character in input file  0x00
*** Error 1 "C:\Program Files (x86)\PICC\Devices\16F877A.h" Line 540(15,16): Illegal C character in input file  0x00
*** Error 1 "C:\Program Files (x86)\PICC\Devices\16F877A.h" Line 540(15,16): Illegal C character in input file  0x00
*** Error 1 "C:\Program Files (x86)\PICC\Devices\16F877A.h" Line 540(15,16): Illegal C character in input file  0x00
*** Error 1 "C:\Program Files (x86)\PICC\Devices\16F877A.h" Line 540(15,16): Illegal C character in input file  0x00
*** Error 1 "C:\Program Files (x86)\PICC\Devices\16F877A.h" Line 540(15,16): Illegal C character in input file  0x00
*** Error 1 "C:\Program Files (x86)\PICC\Devices\16F877A.h" Line 540(15,16): Illegal C character in input file  0x00
*** Error 1 "C:\Program Files (x86)\PICC\Devices\16F877A.h" Line 540(15,16): Illegal C character in input file  0x00
*** Error 1 "C:\Program Files (x86)\PICC\Devices\16F877A.h" Line 540(15,16): Illegal C character in input file  0x00
