
ROM used:   676/8192 (8%)
            676/8192 (8%) including unused fragments

            0.9 Average locations per line
            17.8 Average locations per statement

RAM used:   11/368 (3%) at main() level
            25/368 (7%) worst case

Stack used: 1 worst case (1 in main + 0 for interrupts)
Stack size: 8

Lines Stmts  %   Files
----- ----- ---  -----
   73    38 100  main.c
    6     0   0  main.h
  708     0   0  C:\Program Files (x86)\PICC\Devices\16F877A.h
----- -----
  787    38 Total

Page ROM  %  RAM    Vol Diff  Functions:
---- --- --- ---    --- ----  ----------
0     21   3    1             @delay_ms1
0     14   2    0             @const706
0     96  14    4    284  4.2  giaima_3so_xvn
0     62   9    6             @DIVS1616
0     51   8    0    243  1.4  hienthi_3so_quet
0    121  18    0    428  4.6  MAIN
0     39   6    5             @DIV1616
0     31   5    2             @ITOF
0    204  30   14             @DIVFF
0     33   5    4             @SFTOI
 Inline         0             @cinit1

Program metrics:
    Functions               3
    Statements              38
    Comments                132
    Volume (V)              1257
    Difficulty (D)          9.3
    Effort to implement (E) 11711
    Time to implement (T)   11 minutes
    Est Delivered Bugs (B)  0
    Cyclomatic Complexity   3
    Maintainability (MI)    61

 Segment     Used  Free
-----------  ----  ----
00000-00003     4  0  
00004-007FF   672  1372  
00800-00FFF     0  2048  
01000-017FF     0  2048  
01800-01FFF     0  2048  



