
ROM used:   285/8192 (3%)
            285/8192 (3%) including unused fragments

            0.4 Average locations per line
            8.9 Average locations per statement

RAM used:   9/368 (2%) at main() level
            19/368 (5%) worst case

Stack used: 1 worst case (1 in main + 0 for interrupts)
Stack size: 8

Lines Stmts  %   Files
----- ----- ---  -----
   66    32 100  main.c
    5     0   0  main.h
  708     0   0  C:\Program Files (x86)\PICC\Devices\16F877A.h
----- -----
  779    32 Total

Page ROM  %  RAM    Vol Diff  Functions:
---- --- --- ---    --- ----  ----------
0     21   7    1             @delay_ms1
0     14   5    0             @const705
0     96  34    4    284  4.2  giaima_3so_xvn
0     62  22    6    828  3.4  @DIVS1616
0     55  19    0    268  1.4  hienthi_3so_quet
0     33  12    0    186  2.7  MAIN
 Inline         0    186  2.3  @cinit1

Program metrics:
    Functions               5
    Statements              32
    Comments                130
    Volume (V)              2447
    Difficulty (D)          14.0
    Effort to implement (E) 34245
    Time to implement (T)   32 minutes
    Est Delivered Bugs (B)  0
    Cyclomatic Complexity   2
    Maintainability (MI)    159

 Segment     Used  Free
-----------  ----  ----
00000-00003     4  0  
00004-007FF   281  1763  
00800-00FFF     0  2048  
01000-017FF     0  2048  
01800-01FFF     0  2048  



