
ROM used:   439/8192 (5%)
            439/8192 (5%) including unused fragments

            0.5 Average locations per line
            8.1 Average locations per statement

RAM used:   10/368 (3%) at main() level
            20/368 (5%) worst case

Stack used: 3 worst case (3 in main + 0 for interrupts)
Stack size: 8

Lines Stmts  %   Files
----- ----- ---  -----
   94    54 100  main.c
    4     0   0  main.h
  708     0   0  C:\Program Files (x86)\PICC\Devices\16F877A.h
----- -----
  806    54 Total

Page ROM  %  RAM    Vol Diff  Functions:
---- --- --- ---    --- ----  ----------
0     20   5    1             @delay_ms1
0     14   3    0             @const704
0     56  13    4    152  4.0  giaima_capdo_2so_xvn
0     62  14    6             @DIVS1616
0     33   8    0    149  1.3  hienthi_capdo
0      9   2    1     88  2.9  delay_hienthi
0     50  11    2    125  3.3  phim_forw
0     46  10    6             @MULS1616
0     50  11    2    125  3.3  phim_rev
0     13   3    0     82  1.6  dongco_stop
0     82  19    0    445  4.3  MAIN
 Inline         0             @cinit1

Program metrics:
    Functions               7
    Statements              54
    Comments                122
    Volume (V)              1832
    Difficulty (D)          20.3
    Effort to implement (E) 37180
    Time to implement (T)   34 minutes
    Est Delivered Bugs (B)  0
    Cyclomatic Complexity   6
    Maintainability (MI)    118

 Segment     Used  Free
-----------  ----  ----
00000-00003     4  0  
00004-007FF   435  1609  
00800-00FFF     0  2048  
01000-017FF     0  2048  
01800-01FFF     0  2048  



