
ROM used:   41/8192 (1%)
            41/8192 (1%) including unused fragments

            0.1 Average locations per line
            3.4 Average locations per statement

RAM used:   7/368 (2%) at main() level
            7/368 (2%) worst case

Stack used: 0 worst case (0 in main + 0 for interrupts)
Stack size: 8

Lines Stmts  %   Files
----- ----- ---  -----
   25    12 100  main.c
    6     0   0  main.h
  708     0   0  C:\Program Files (x86)\PICC\Devices\16F877A.h
----- -----
  739    12 Total

Page ROM  %  RAM    Vol Diff  Functions:
---- --- --- ---    --- ----  ----------
0     37  90    1    233  4.1  main
 Inline         0             @cinit1

Program metrics:
    Functions               1
    Statements              12
    Comments                123
    Volume (V)              235
    Difficulty (D)          3.9
    Effort to implement (E) 920
    Time to implement (T)   1 minutes
    Est Delivered Bugs (B)  0
    Cyclomatic Complexity   1
    Maintainability (MI)    52

 Segment     Used  Free
-----------  ----  ----
00000-00003     4  0  
00004-007FF    37  2007  
00800-00FFF     0  2048  
01000-017FF     0  2048  
01800-01FFF     0  2048  



