
ROM used:   218/8192 (3%)
            218/8192 (3%) including unused fragments

            0.3 Average locations per line
            9.5 Average locations per statement

RAM used:   9/368 (2%) at main() level
            17/368 (5%) worst case

Stack used: 0 worst case (0 in main + 0 for interrupts)
Stack size: 8

Lines Stmts  %   Files
----- ----- ---  -----
   55    23 100  main.c
    5     0   0  main.h
  708     0   0  C:\Program Files (x86)\PICC\Devices\16F877A.h
----- -----
  768    23 Total

Page ROM  %  RAM    Vol Diff  Functions:
---- --- --- ---    --- ----  ----------
0     21  10    1             @delay_ms2
0     14   6    0             @const705
0     42  19    4    146  4.0  giaima_2so_xvn
0     62  28    6             @DIVS1616
0     35  16    0    149  1.3  hienthi_2so_quet
0     40  18    1    233  3.6  MAIN
 Inline         0             @cinit1

Program metrics:
    Functions               3
    Statements              23
    Comments                127
    Volume (V)              714
    Difficulty (D)          8.3
    Effort to implement (E) 5953
    Time to implement (T)   6 minutes
    Est Delivered Bugs (B)  0
    Cyclomatic Complexity   3
    Maintainability (MI)    79

 Segment     Used  Free
-----------  ----  ----
00000-00003     4  0  
00004-007FF   214  1830  
00800-00FFF     0  2048  
01000-017FF     0  2048  
01800-01FFF     0  2048  



