
ROM used:   1049/8192 (13%)
            1049/8192 (13%) including unused fragments

            0.8 Average locations per line
            5.3 Average locations per statement

RAM used:   32/368 (9%) at main() level
            46/368 (12%) worst case

Stack used: 7 worst case (5 in main + 2 for interrupts)
Stack size: 8

Lines Stmts  %   Files
----- ----- ---  -----
  168    99  50  main.c
    5     0   0  main.h
  708     0   0  C:\Program Files (x86)\PICC\Devices\16F877A.h
  456   100  50  C:\Program Files (x86)\PICC\Drivers\lcd.c
----- -----
 1337   199 Total

Page ROM  %  RAM    Vol Diff  Functions:
---- --- --- ---    --- ----  ----------
0     20   2    1             @delay_ms1
 Inline         3    760  4.5  lcd_read_byte
0     49   5    2    262  3.7  lcd_read_nibble
0     46   4    1    399  2.4  lcd_send_nibble
0     94   9    3    415  3.7  lcd_send_byte
0     88   8    6    852  6.2  lcd_init
0     18   2    4    208  6.3  lcd_gotoxy
0     50   5    1    354  4.7  lcd_putc
0     15   1    0             @const746
0     16   2    0             @const749
0     35   3    0    295  3.2  rb_isr
 Inline         4    395  4.3  giaima_capdo_4so_xvn
0     37   4    5             @DIV1616
0     49   5    0    285  3.5  lcd_hien_thi_3_che_do
0      3   0    0             @const758
0     86   8    4             @PSTRINGC7_724
0      3   0    0             @const763
0      3   0    0             @const764
 Inline         0     98  1.7  lcd_hienthi_capdo
0    169  16    0    240  4.1  doc_hthi_bien_tro
0     56   5    0    216  2.7  xu_ly_3_che_do
0    133  13    1    982  4.9  MAIN
 Inline         0             @cinit1

Program metrics:
    Functions               14
    Statements              199
    Comments                228
    Volume (V)              9540
    Difficulty (D)          54.7
    Effort to implement (E) 522026
    Time to implement (T)   8 hours, 3 minutes
    Est Delivered Bugs (B)  2
    Cyclomatic Complexity   23
    Maintainability (MI)    92

 Segment     Used  Free
-----------  ----  ----
00000-00003     4  0  
00004-0004E    75  0  
0004F-007FF   970  999  
00800-00FFF     0  2048  
01000-017FF     0  2048  
01800-01FFF     0  2048  



