
ROM used:   1962/8192 (24%)
            1962/8192 (24%) including unused fragments

            0.6 Average locations per line
            6.3 Average locations per statement

RAM used:   44/368 (12%) at main() level
            85/368 (23%) worst case

Stack used: 1 worst case (0 in main + 1 for interrupts)
Stack size: 8

Lines Stmts  %   Files
----- ----- ---  -----
   89    54  17  main.c
    6     0   0  main.h
  708     0   0  C:\Program Files (x86)\PICC\Devices\16F877A.h
 2228   258  83  C:\Program Files (x86)\PICC\Drivers\math.h
----- -----
 3031   312 Total

Page ROM  %  RAM    Vol Diff  Functions:
---- --- --- ---    --- ----  ----------
0     21   1    1             @delay_ms1
 Inline        10             @FLT
0     33   2    4             @SFTOI
0     31   2    2             @ITOF
0    117   6   13             @MULFF
0    321  16   16             @ADDFF
0    202  10   14             @DIVFF
0     37   2    2             @SITOF
0    483  25   25    979 10.0  log
0     14   1    0             @const853
0     25   1    0     38  1.7  interrupt_adc
0     98   5    4    330  4.2  giaima_3so_xvn
0     62   3    6             @DIVS1616
0     51   3    0    243  1.4  hienthi_3so_quet
0    337  17    8    981  5.8  MAIN
0     81   4   13             @DIV3232
 Inline         0             @cinit1

Program metrics:
    Functions               5
    Statements              312
    Comments                384
    Volume (V)              3447
    Difficulty (D)          21.9
    Effort to implement (E) 75660
    Time to implement (T)   1 hours, 10 minutes
    Est Delivered Bugs (B)  1
    Cyclomatic Complexity   6
    Maintainability (MI)    112

 Segment     Used  Free
-----------  ----  ----
00000-00003     4  0  
00004-00030    45  0  
00031-007FF  1913  86  
00800-00FFF     0  2048  
01000-017FF     0  2048  
01800-01FFF     0  2048  



