
ROM used:   368/8192 (4%)
            368/8192 (4%) including unused fragments

            0.4 Average locations per line
            6.0 Average locations per statement

RAM used:   25/368 (7%) at main() level
            35/368 (10%) worst case

Stack used: 1 worst case (1 in main + 0 for interrupts)
Stack size: 8

Lines Stmts  %   Files
----- ----- ---  -----
  114    61 100  main.c
    5     0   0  main.h
  708     0   0  C:\Program Files (x86)\PICC\Devices\16F877A.h
----- -----
  827    61 Total

Page ROM  %  RAM    Vol Diff  Functions:
---- --- --- ---    --- ----  ----------
0     21   6    1             @delay_ms2
0     93  25    4    274  4.2  giaima_3so_xvn
0     62  17    6             @DIVS1616
0     51  14    0    243  1.4  hienthi_3so_quet
0     37  10    0    253  4.0  phim_up
0     39  11    0    255  4.5  phim_down
0     61  17    0    154  2.2  MAIN
 Inline         0             @cinit1

Program metrics:
    Functions               5
    Statements              61
    Comments                130
    Volume (V)              1745
    Difficulty (D)          15.9
    Effort to implement (E) 27759
    Time to implement (T)   26 minutes
    Est Delivered Bugs (B)  0
    Cyclomatic Complexity   8
    Maintainability (MI)    150

 Segment     Used  Free
-----------  ----  ----
00000-00003     4  0  
00004-007FF   364  1680  
00800-00FFF     0  2048  
01000-017FF     0  2048  
01800-01FFF     0  2048  



