
ROM used:   579/8192 (7%)
            579/8192 (7%) including unused fragments

            0.5 Average locations per line
            4.6 Average locations per statement

RAM used:   10/368 (3%) at main() level
            23/368 (6%) worst case

Stack used: 5 worst case (5 in main + 0 for interrupts)
Stack size: 8

Lines Stmts  %   Files
----- ----- ---  -----
   52    25  20  main.c
  708     0   0  C:\Program Files (x86)\PICC\Devices\16F877A.h
  456   100  80  C:\Program Files (x86)\PICC\Drivers\lcd.c
----- -----
 1216   125 Total

Page ROM  %  RAM    Vol Diff  Functions:
---- --- --- ---    --- ----  ----------
0     21   4    1    760  4.5  @delay_ms1
 Inline         3    760  4.5  lcd_read_byte
0     49   8    2    262  3.7  lcd_read_nibble
0     44   8    1    399  2.4  lcd_send_nibble
0     92  16    3    415  3.7  lcd_send_byte
0     70  12    6    852  6.2  lcd_init
0     18   3    4    208  6.3  lcd_gotoxy
0     44   8    1    354  4.7  lcd_putc
0     55   9    1    238  3.1  lcd_hienthi
0     21   4    3             @DIV88
0      1   0    0    290  4.0  @const742
0     86  15    4             @PSTRINGC7_724
0     63  11    1    396  4.1  MAIN
0      4   1    0             @const750
0      7   1    0             @const751
 Inline         0             @cinit1

Program metrics:
    Functions               11
    Statements              125
    Comments                225
    Volume (V)              7870
    Difficulty (D)          46.4
    Effort to implement (E) 365046
    Time to implement (T)   5 hours, 38 minutes
    Est Delivered Bugs (B)  2
    Cyclomatic Complexity   11
    Maintainability (MI)    130

 Segment     Used  Free
-----------  ----  ----
00000-00003     4  0  
00004-007FF   575  1469  
00800-00FFF     0  2048  
01000-017FF     0  2048  
01800-01FFF     0  2048  



