
ROM used:   57/8192 (1%)
            57/8192 (1%) including unused fragments

            0.1 Average locations per line
            3.0 Average locations per statement

RAM used:   8/368 (2%) at main() level
            8/368 (2%) worst case

Stack used: 0 worst case (0 in main + 0 for interrupts)
Stack size: 8

Lines Stmts  %   Files
----- ----- ---  -----
   44    19 100  main.c
  708     0   0  C:\Program Files (x86)\PICC\Devices\16F877A.h
----- -----
  752    19 Total

Page ROM  %  RAM    Vol Diff  Functions:
---- --- --- ---    --- ----  ----------
0     53  93    1    391  4.7  main
 Inline         0             @cinit1

Program metrics:
    Functions               1
    Statements              19
    Comments                126
    Volume (V)              393
    Difficulty (D)          4.6
    Effort to implement (E) 1792
    Time to implement (T)   2 minutes
    Est Delivered Bugs (B)  0
    Cyclomatic Complexity   2
    Maintainability (MI)    42

 Segment     Used  Free
-----------  ----  ----
00000-00003     4  0  
00004-007FF    53  1991  
00800-00FFF     0  2048  
01000-017FF     0  2048  
01800-01FFF     0  2048  



