
ROM used:   50/8192 (1%)
            50/8192 (1%) including unused fragments

            0.1 Average locations per line
            3.6 Average locations per statement

RAM used:   7/368 (2%) at main() level
            7/368 (2%) worst case

Stack used: 0 worst case (0 in main + 0 for interrupts)
Stack size: 8

Lines Stmts  %   Files
----- ----- ---  -----
   35    14 100  main.c
  708     0   0  C:\Program Files (x86)\PICC\Devices\16F877A.h
----- -----
  743    14 Total

Page ROM  %  RAM    Vol Diff  Functions:
---- --- --- ---    --- ----  ----------
0     46  92    1    282  4.2  main
 Inline         0             @cinit1

Program metrics:
    Functions               1
    Statements              14
    Comments                126
    Volume (V)              284
    Difficulty (D)          4.0
    Effort to implement (E) 1137
    Time to implement (T)   1 minutes
    Est Delivered Bugs (B)  0
    Cyclomatic Complexity   1
    Maintainability (MI)    49

 Segment     Used  Free
-----------  ----  ----
00000-00003     4  0  
00004-007FF    46  1998  
00800-00FFF     0  2048  
01000-017FF     0  2048  
01800-01FFF     0  2048  



