
ROM used:   172/8192 (2%)
            172/8192 (2%) including unused fragments

            0.2 Average locations per line
            6.9 Average locations per statement

RAM used:   16/368 (4%) at main() level
            17/368 (5%) worst case

Stack used: 1 worst case (0 in main + 1 for interrupts)
Stack size: 8

Lines Stmts  %   Files
----- ----- ---  -----
   53    25 100  main.c
  708     0   0  C:\Program Files (x86)\PICC\Devices\16F877A.h
----- -----
  761    25 Total

Page ROM  %  RAM    Vol Diff  Functions:
---- --- --- ---    --- ----  ----------
0     21  12    1             @delay_ms1
0     10   6    0     37  2.0  interupt_timer1
0     92  53    1    655  5.3  MAIN
 Inline         0             @cinit1

Program metrics:
    Functions               2
    Statements              25
    Comments                126
    Volume (V)              751
    Difficulty (D)          7.3
    Effort to implement (E) 5493
    Time to implement (T)   5 minutes
    Est Delivered Bugs (B)  0
    Cyclomatic Complexity   2
    Maintainability (MI)    86

 Segment     Used  Free
-----------  ----  ----
00000-00003     4  0  
00004-00030    45  0  
00031-007FF   123  1876  
00800-00FFF     0  2048  
01000-017FF     0  2048  
01800-01FFF     0  2048  



