
ROM used:   98/8192 (1%)
            98/8192 (1%) including unused fragments

            0.1 Average locations per line
            6.1 Average locations per statement

RAM used:   8/368 (2%) at main() level
            9/368 (2%) worst case

Stack used: 0 worst case (0 in main + 0 for interrupts)
Stack size: 8

Lines Stmts  %   Files
----- ----- ---  -----
   25    16 100  8_led_sang_tat_dan_pst.c
  708     0   0  C:\Program Files (x86)\PICC\Devices\16f877A.h
----- -----
  733    16 Total

Page ROM  %  RAM    Vol Diff  Functions:
---- --- --- ---    --- ----  ----------
0     21  21    1      3  0.0  @delay_ms1
0     73  74    1    436  4.7  main
 Inline         0             @cinit1

Program metrics:
    Functions               2
    Statements              16
    Comments                122
    Volume (V)              457
    Difficulty (D)          5.4
    Effort to implement (E) 2454
    Time to implement (T)   2 minutes
    Est Delivered Bugs (B)  0
    Cyclomatic Complexity   2
    Maintainability (MI)    86

 Segment     Used  Free
-----------  ----  ----
00000-00003     4  0  
00004-007FF    94  1950  
00800-00FFF     0  2048  
01000-017FF     0  2048  
01800-01FFF     0  2048  



