
ROM used:   237/8192 (3%)
            237/8192 (3%) including unused fragments

            0.3 Average locations per line
            6.1 Average locations per statement

RAM used:   19/368 (5%) at main() level
            22/368 (6%) worst case

Stack used: 1 worst case (0 in main + 1 for interrupts)
Stack size: 8

Lines Stmts  %   Files
----- ----- ---  -----
   72    39 100  main.c
    5     0   0  main.h
  708     0   0  C:\Program Files (x86)\PICC\Devices\16F877A.h
----- -----
  785    39 Total

Page ROM  %  RAM    Vol Diff  Functions:
---- --- --- ---    --- ----  ----------
0     21   9    1             @delay_ms1
0     14   6    0             @const706
0      9   4    0     47  2.0  interrupt_int0
0     23  10    2    146  4.0  giaima_2so_xvn
0     21   9    3             @DIV88
0     41  17    0    149  1.3  hienthi_2so_quet
0     61  26    1    519  5.2  MAIN
 Inline         0             @cinit1

Program metrics:
    Functions               4
    Statements              39
    Comments                126
    Volume (V)              1157
    Difficulty (D)          12.5
    Effort to implement (E) 14434
    Time to implement (T)   13 minutes
    Est Delivered Bugs (B)  0
    Cyclomatic Complexity   5
    Maintainability (MI)    138

 Segment     Used  Free
-----------  ----  ----
00000-00003     4  0  
00004-0002E    43  0  
0002F-007FF   190  1811  
00800-00FFF     0  2048  
01000-017FF     0  2048  
01800-01FFF     0  2048  



