
ROM used:   95/8192 (1%)
            95/8192 (1%) including unused fragments

            0.1 Average locations per line
            4.3 Average locations per statement

RAM used:   6/368 (2%) at main() level
            7/368 (2%) worst case

Stack used: 0 worst case (0 in main + 0 for interrupts)
Stack size: 8

Lines Stmts  %   Files
----- ----- ---  -----
   46    22 100  main.c
    5     0   0  main.h
  708     0   0  C:\Program Files (x86)\PICC\Devices\16F877A.h
----- -----
  759    22 Total

Page ROM  %  RAM    Vol Diff  Functions:
---- --- --- ---    --- ----  ----------
 Inline         1             @delay_ms2
0     46  48    0    161  3.4  chongdoi_inv
0     45  47    0    221  2.7  MAIN
 Inline         0             @cinit1

Program metrics:
    Functions               2
    Statements              22
    Comments                122
    Volume (V)              468
    Difficulty (D)          5.8
    Effort to implement (E) 2733
    Time to implement (T)   3 minutes
    Est Delivered Bugs (B)  0
    Cyclomatic Complexity   3
    Maintainability (MI)    81

 Segment     Used  Free
-----------  ----  ----
00000-00003     4  0  
00004-007FF    91  1953  
00800-00FFF     0  2048  
01000-017FF     0  2048  
01800-01FFF     0  2048  



